<?xml version="1.0" encoding="UTF-8"?>
<!-- Generated by org.testng.reporters.JUnitXMLReporter -->
<testsuite ignored="0" hostname="LAPTOP-UFMD7LB9" failures="0" tests="3" name="TestNG3" time="0.118" errors="0" timestamp="2022-08-29T21:29:45 IST">
  <testcase classname="TestNGListeners.TestNGListenersTest" name="test1" time="0.014"/>
  <testcase classname="TestNGListeners.TestNGListenersTest" name="test2" time="0.001"/>
  <testcase classname="TestNGListeners.TestNGListenersTest" name="test3" time="0.024"/>
</testsuite> <!-- TestNG3 -->
